{
  "repo": "D:\\code_assistant\\Git_repo\\pallets__flask",
  "findings": [
    {
      "tool": "ast-rule",
      "rule": "BARE_EXCEPT",
      "severity": "medium",
      "message": "避免裸 except:，应捕获明确异常类型。",
      "file": "src/flask/app.py",
      "line": 1571,
      "col": 12,
      "extra": {}
    },
    {
      "tool": "rule-plugin",
      "rule": "PY_RESOURCE_LEAK",
      "severity": "high",
      "message": "open() 调用应在 with 语句中使用以确保正确关闭",
      "file": "src/flask/app.py",
      "line": 444,
      "col": 15,
      "extra": {}
    },
    {
      "tool": "rule-plugin",
      "rule": "PY_RESOURCE_LEAK",
      "severity": "high",
      "message": "open() 调用应在 with 语句中使用以确保正确关闭",
      "file": "src/flask/app.py",
      "line": 466,
      "col": 15,
      "extra": {}
    },
    {
      "tool": "rule-plugin",
      "rule": "PY_RESOURCE_LEAK",
      "severity": "high",
      "message": "open() 调用应在 with 语句中使用以确保正确关闭",
      "file": "src/flask/app.py",
      "line": 442,
      "col": 19,
      "extra": {}
    },
    {
      "tool": "rule-plugin",
      "rule": "PY_RESOURCE_LEAK",
      "severity": "high",
      "message": "open() 调用应在 with 语句中使用以确保正确关闭",
      "file": "src/flask/app.py",
      "line": 464,
      "col": 19,
      "extra": {}
    },
    {
      "tool": "rule-plugin",
      "rule": "PY_RESOURCE_LEAK",
      "severity": "high",
      "message": "open() 调用应在 with 语句中使用以确保正确关闭",
      "file": "src/flask/blueprints.py",
      "line": 128,
      "col": 15,
      "extra": {}
    },
    {
      "tool": "rule-plugin",
      "rule": "PY_RESOURCE_LEAK",
      "severity": "high",
      "message": "open() 调用应在 with 语句中使用以确保正确关闭",
      "file": "src/flask/blueprints.py",
      "line": 126,
      "col": 19,
      "extra": {}
    },
    {
      "tool": "ast-rule",
      "rule": "BANNED_CALL",
      "severity": "high",
      "message": "禁止使用 eval（项目/领域规则），建议安全替代或白名单。",
      "file": "src/flask/cli.py",
      "line": 1023,
      "col": 12,
      "extra": {}
    },
    {
      "tool": "ast-rule",
      "rule": "BANNED_CALL",
      "severity": "high",
      "message": "禁止使用 exec（项目/领域规则），建议安全替代或白名单。",
      "file": "src/flask/config.py",
      "line": 209,
      "col": 16,
      "extra": {}
    },
    {
      "tool": "rule-plugin",
      "rule": "PY_LOOP_INVARIANT",
      "severity": "low",
      "message": "考虑在循环外计算长度，避免每次迭代都重新计算",
      "file": "src/flask/config.py",
      "line": 358,
      "col": 24,
      "extra": {}
    },
    {
      "tool": "rule-plugin",
      "rule": "PY_GLOBAL_VARIABLE",
      "severity": "low",
      "message": "检测到全局变量 '_werkzeug_version' 的使用; 考虑使用参数传递代替",
      "file": "src/flask/testing.py",
      "line": 101,
      "col": 4,
      "extra": {}
    },
    {
      "tool": "ds-rule",
      "rule": "DS_PANDAS_SETTINGWITHCOPY",
      "severity": "high",
      "message": "Chained indexing may trigger SettingWithCopy; use .loc/.iloc.",
      "file": "src/flask/sansio/scaffold.py",
      "line": 654,
      "col": 8,
      "extra": {}
    },
    {
      "tool": "bandit",
      "rule": "B106",
      "severity": "low",
      "message": "Possible hardcoded password: 'dev'",
      "file": "D:\\code_assistant\\Git_repo\\pallets__flask\\examples\\tutorial\\flaskr\\__init__.py",
      "line": 9,
      "col": null,
      "extra": {
        "more_info": "https://bandit.readthedocs.io/en/1.9.2/plugins/b106_hardcoded_password_funcarg.html",
        "confidence": "MEDIUM"
      }
    },
    {
      "tool": "bandit",
      "rule": "B101",
      "severity": "low",
      "message": "Use of assert detected. The enclosed code will be removed when compiling to optimised byte code.",
      "file": "D:\\code_assistant\\Git_repo\\pallets__flask\\src\\flask\\app.py",
      "line": 351,
      "col": null,
      "extra": {
        "more_info": "https://bandit.readthedocs.io/en/1.9.2/plugins/b101_assert_used.html",
        "confidence": "HIGH"
      }
    },
    {
      "tool": "bandit",
      "rule": "B307",
      "severity": "medium",
      "message": "Use of possibly insecure function - consider using safer ast.literal_eval.",
      "file": "D:\\code_assistant\\Git_repo\\pallets__flask\\src\\flask\\cli.py",
      "line": 1023,
      "col": null,
      "extra": {
        "more_info": "https://bandit.readthedocs.io/en/1.9.2/blacklists/blacklist_calls.html#b307-eval",
        "confidence": "HIGH"
      }
    },
    {
      "tool": "bandit",
      "rule": "B110",
      "severity": "low",
      "message": "Try, Except, Pass detected.",
      "file": "D:\\code_assistant\\Git_repo\\pallets__flask\\src\\flask\\config.py",
      "line": 163,
      "col": null,
      "extra": {
        "more_info": "https://bandit.readthedocs.io/en/1.9.2/plugins/b110_try_except_pass.html",
        "confidence": "HIGH"
      }
    },
    {
      "tool": "bandit",
      "rule": "B102",
      "severity": "medium",
      "message": "Use of exec detected.",
      "file": "D:\\code_assistant\\Git_repo\\pallets__flask\\src\\flask\\config.py",
      "line": 209,
      "col": null,
      "extra": {
        "more_info": "https://bandit.readthedocs.io/en/1.9.2/plugins/b102_exec_used.html",
        "confidence": "HIGH"
      }
    },
    {
      "tool": "bandit",
      "rule": "B101",
      "severity": "low",
      "message": "Use of assert detected. The enclosed code will be removed when compiling to optimised byte code.",
      "file": "D:\\code_assistant\\Git_repo\\pallets__flask\\src\\flask\\debughelpers.py",
      "line": 59,
      "col": null,
      "extra": {
        "more_info": "https://bandit.readthedocs.io/en/1.9.2/plugins/b101_assert_used.html",
        "confidence": "HIGH"
      }
    },
    {
      "tool": "bandit",
      "rule": "B704",
      "severity": "medium",
      "message": "Potential XSS with ``markupsafe.Markup`` detected. Do not use ``Markup`` on untrusted data.",
      "file": "D:\\code_assistant\\Git_repo\\pallets__flask\\src\\flask\\json\\tag.py",
      "line": 188,
      "col": null,
      "extra": {
        "more_info": "https://bandit.readthedocs.io/en/1.9.2/plugins/b704_markupsafe_markup_xss.html",
        "confidence": "HIGH"
      }
    },
    {
      "tool": "bandit",
      "rule": "B101",
      "severity": "low",
      "message": "Use of assert detected. The enclosed code will be removed when compiling to optimised byte code.",
      "file": "D:\\code_assistant\\Git_repo\\pallets__flask\\src\\flask\\sansio\\scaffold.py",
      "line": 705,
      "col": null,
      "extra": {
        "more_info": "https://bandit.readthedocs.io/en/1.9.2/plugins/b101_assert_used.html",
        "confidence": "HIGH"
      }
    },
    {
      "tool": "bandit",
      "rule": "B324",
      "severity": "high",
      "message": "Use of weak SHA1 hash for security. Consider usedforsecurity=False",
      "file": "D:\\code_assistant\\Git_repo\\pallets__flask\\src\\flask\\sessions.py",
      "line": 295,
      "col": null,
      "extra": {
        "more_info": "https://bandit.readthedocs.io/en/1.9.2/plugins/b324_hashlib.html",
        "confidence": "HIGH"
      }
    },
    {
      "tool": "bandit",
      "rule": "B101",
      "severity": "low",
      "message": "Use of assert detected. The enclosed code will be removed when compiling to optimised byte code.",
      "file": "D:\\code_assistant\\Git_repo\\pallets__flask\\src\\flask\\views.py",
      "line": 190,
      "col": null,
      "extra": {
        "more_info": "https://bandit.readthedocs.io/en/1.9.2/plugins/b101_assert_used.html",
        "confidence": "HIGH"
      }
    }
  ],
  "tool_raw": {
    "complexity_radon": {
      "ok": true,
      "stdout": "D:\\code_assistant\\Git_repo\\pallets__flask\\docs\\conf.py\n    F 72:0 github_link - A (5)\n    F 100:0 setup - A (1)\nD:\\code_assistant\\Git_repo\\pallets__flask\\examples\\celery\\src\\task_app\\tasks.py\n    F 18:0 process - A (2)\n    F 8:0 add - A (1)\n    F 13:0 block - A (1)\nD:\\code_assistant\\Git_repo\\pallets__flask\\examples\\celery\\src\\task_app\\views.py\n    F 11:0 result - A (3)\n    F 22:0 add - A (1)\n    F 30:0 block - A (1)\n    F 36:0 process - A (1)\nD:\\code_assistant\\Git_repo\\pallets__flask\\examples\\celery\\src\\task_app\\__init__.py\n    F 7:0 create_app - A (1)\n    F 29:0 celery_init_app - A (1)\nD:\\code_assistant\\Git_repo\\pallets__flask\\examples\\javascript\\js_example\\views.py\n    F 10:0 index - A (1)\n    F 15:0 add - A (1)\nD:\\code_assistant\\Git_repo\\pallets__flask\\examples\\javascript\\tests\\conftest.py\n    F 7:0 fixture_app - A (1)\n    F 14:0 client - A (1)\nD:\\code_assistant\\Git_repo\\pallets__flask\\examples\\javascript\\tests\\test_js_example.py\n    F 25:0 test_add - A (2)\n    F 14:0 test_index - A (1)\nD:\\code_assistant\\Git_repo\\pallets__flask\\examples\\tutorial\\flaskr\\auth.py\n    F 47:0 register - B (7)\n    F 85:0 login - A (5)\n    F 33:0 load_logged_in_user - A (2)\n    F 19:0 login_required - A (1)\n    F 113:0 logout - A (1)\nD:\\code_assistant\\Git_repo\\pallets__flask\\examples\\tutorial\\flaskr\\blog.py\n    F 28:0 get_post - A (4)\n    F 62:0 create - A (4)\n    F 88:0 update - A (4)\n    F 17:0 index - A (1)\n    F 115:0 delete - A (1)\nD:\\code_assistant\\Git_repo\\pallets__flask\\examples\\tutorial\\flaskr\\db.py\n    F 9:0 get_db - A (2)\n    F 23:0 close_db - A (2)\n    F 33:0 init_db - A (1)\n    F 42:0 init_db_command - A (1)\n    F 51:0 init_app - A (1)\nD:\\code_assistant\\Git_repo\\pallets__flask\\examples\\tutorial\\flaskr\\__init__.py\n    F 6:0 create_app - A (3)\nD:\\code_assistant\\Git_repo\\pallets__flask\\examples\\tutorial\\tests\\conftest.py\n    C 47:0 AuthActions - A (2)\n    F 16:0 app - A (1)\n    F 36:0 client - A (1)\n    F 42:0 runner - A (1)\n    F 61:0 auth - A (1)\n    M 48:4 AuthActions.__init__ - A (1)\n    M 51:4 AuthActions.login - A (1)\n    M 56:4 AuthActions.logout - A (1)\nD:\\code_assistant\\Git_repo\\pallets__flask\\examples\\tutorial\\tests\\test_auth.py\n    F 39:0 test_login - A (5)\n    F 8:0 test_register - A (4)\n    F 32:0 test_register_validate_input - A (2)\n    F 59:0 test_login_validate_input - A (2)\n    F 64:0 test_logout - A (2)\nD:\\code_assistant\\Git_repo\\pallets__flask\\examples\\tutorial\\tests\\test_blog.py\n    F 6:0 test_index - B (7)\n    F 25:0 test_author_required - A (4)\n    F 46:0 test_create - A (3)\n    F 57:0 test_update - A (3)\n    F 75:0 test_delete - A (3)\n    F 20:0 test_login_required - A (2)\n    F 41:0 test_exists_required - A (2)\n    F 69:0 test_create_update_validate - A (2)\nD:\\code_assistant\\Git_repo\\pallets__flask\\examples\\tutorial\\tests\\test_db.py\n    F 8:0 test_get_close_db - A (3)\n    F 19:0 test_init_db_command - A (3)\nD:\\code_assistant\\Git_repo\\pallets__flask\\examples\\tutorial\\tests\\test_factory.py\n    F 4:0 test_config - A (3)\n    F 10:0 test_hello - A (2)\nD:\\code_assistant\\Git_repo\\pallets__flask\\src\\flask\\app.py\n    M 1212:4 Flask.make_response - C (16)\n    M 1090:4 Flask.url_for - C (13)\n    M 631:4 Flask.run - C (12)\n    M 253:4 Flask.__init_subclass__ - B (10)\n    M 1354:4 Flask.preprocess_request - B (8)\n    M 508:4 Flask.create_url_adapter - B (7)\n    M 864:4 Flask.handle_user_exception - B (7)\n    M 896:4 Flask.handle_exception - B (6)\n    M 1382:4 Flask.process_response - B (6)\n    M 1536:4 Flask.wsgi_app - B (6)\n    C 108:0 Flask - A (5)\n    M 561:4 Flask.raise_routing_exception - A (5)\n    M 589:4 Flask.update_template_context - A (5)\n    M 468:4 Flask.create_jinja_environment - A (4)\n    M 829:4 Flask.handle_http_exception - A (4)\n    M 965:4 Flask.dispatch_request - A (4)\n    M 1408:4 Flask.do_teardown_request - A (4)\n    F 72:0 _make_timedelta - A (3)\n    M 309:4 Flask.__init__ - A (3)\n    M 364:4 Flask.get_send_file_max_age - A (3)\n    M 413:4 Flask.open_resource - A (3)\n    M 991:4 Flask.full_dispatch_request - A (3)\n    M 1009:4 Flask.finalize_request - A (3)\n    M 391:4 Flask.send_static_file - A (2)\n    M 446:4 Flask.open_instance_resource - A (2)\n    M 619:4 Flask.make_shell_context - A (2)\n    M 754:4 Flask.test_client - A (2)\n    M 812:4 Flask.test_cli_runner - A (2)\n    M 1053:4 Flask.ensure_sync - A (2)\n    M 1067:4 Flask.async_to_sync - A (2)\n    M 1432:4 Flask.do_teardown_appcontext - A (2)\n    F 84:0 remove_ctx - A (1)\n    F 96:0 add_ctx - A (1)\n    M 949:4 Flask.log_exception - A (1)\n    M 1041:4 Flask.make_default_options_response - A (1)\n    M 1451:4 Flask.app_context - A (1)\n    M 1471:4 Flask.request_context - A (1)\n    M 1487:4 Flask.test_request_context - A (1)\n    M 1584:4 Flask.__call__ - A (1)\nD:\\code_assistant\\Git_repo\\pallets__flask\\src\\flask\\blueprints.py\n    C 18:0 Blueprint - A (3)\n    M 55:4 Blueprint.get_send_file_max_age - A (3)\n    M 104:4 Blueprint.open_resource - A (3)\n    M 82:4 Blueprint.send_static_file - A (2)\n    M 19:4 Blueprint.__init__ - A (1)\nD:\\code_assistant\\Git_repo\\pallets__flask\\src\\flask\\cli.py\n    F 1061:0 routes_command - C (18)\n    F 120:0 find_app_by_string - C (14)\n    F 698:0 load_dotenv - C (13)\n    F 41:0 find_best_app - C (12)\n    F 828:0 _validate_key - B (10)\n    M 333:4 ScriptInfo.load_app - B (8)\n    F 200:0 prepare_import - B (6)\n    F 1001:0 shell_command - B (6)\n    C 293:0 ScriptInfo - B (6)\n    M 791:4 CertParamType.convert - B (6)\n    F 241:0 locate_app - A (5)\n    F 493:0 _env_file_callback - A (5)\n    F 766:0 show_server_banner - A (5)\n    F 935:0 run_command - A (5)\n    C 531:0 FlaskGroup - A (5)\n    M 563:4 FlaskGroup.__init__ - A (5)\n    M 609:4 FlaskGroup.get_command - A (5)\n    M 678:4 FlaskGroup.parse_args - A (5)\n    C 780:0 CertParamType - A (5)\n    F 468:0 _set_debug - A (4)\n    F 94:0 _called_with_wrong_args - A (3)\n    F 267:0 get_version - A (3)\n    M 600:4 FlaskGroup._load_plugin_commands - A (3)\n    M 636:4 FlaskGroup.list_commands - A (3)\n    M 657:4 FlaskGroup.make_context - A (3)\n    C 867:0 SeparatedPathType - A (3)\n    F 440:0 _set_app - A (2)\n    C 405:0 AppGroup - A (2)\n    M 873:4 SeparatedPathType.convert - A (2)\n    F 230:0 locate_app - A (1)\n    F 236:0 locate_app - A (1)\n    F 380:0 with_appcontext - A (1)\n    F 691:0 _path_is_ancestor - A (1)\n    F 1122:0 main - A (1)\n    C 37:0 NoAppException - A (1)\n    M 305:4 ScriptInfo.__init__ - A (1)\n    M 413:4 AppGroup.command - A (1)\n    M 429:4 AppGroup.group - A (1)\n    M 788:4 CertParamType.__init__ - A (1)\nD:\\code_assistant\\Git_repo\\pallets__flask\\src\\flask\\config.py\n    M 126:4 Config.from_prefixed_env - B (7)\n    C 50:0 Config - A (5)\n    M 256:4 Config.from_file - A (5)\n    M 323:4 Config.get_namespace - A (5)\n    M 187:4 Config.from_pyfile - A (4)\n    M 218:4 Config.from_object - A (4)\n    M 304:4 Config.from_mapping - A (4)\n    M 35:4 ConfigAttribute.__get__ - A (3)\n    M 102:4 Config.from_envvar - A (3)\n    C 20:0 ConfigAttribute - A (2)\n    M 94:4 Config.__init__ - A (2)\n    M 23:4 ConfigAttribute.__init__ - A (1)\n    M 30:4 ConfigAttribute.__get__ - A (1)\n    M 33:4 ConfigAttribute.__get__ - A (1)\n    M 46:4 ConfigAttribute.__set__ - A (1)\n    M 366:4 Config.__repr__ - A (1)\nD:\\code_assistant\\Git_repo\\pallets__flask\\src\\flask\\ctx.py\n    M 432:4 AppContext.pop - B (7)\n    M 381:4 AppContext.session - A (4)\n    M 409:4 AppContext.push - A (4)\n    F 117:0 after_this_request - A (3)\n    C 259:0 AppContext - A (3)\n    M 299:4 AppContext.__init__ - A (3)\n    M 398:4 AppContext.match_request - A (3)\n    F 153:0 copy_current_request_context - A (2)\n    F 208:0 has_request_context - A (2)\n    F 504:0 __getattr__ - A (2)\n    C 29:0 _AppCtxGlobals - A (2)\n    M 52:4 _AppCtxGlobals.__getattr__ - A (2)\n    M 61:4 _AppCtxGlobals.__delattr__ - A (2)\n    M 78:4 _AppCtxGlobals.pop - A (2)\n    M 110:4 _AppCtxGlobals.__repr__ - A (2)\n    M 370:4 AppContext.request - A (2)\n    M 494:4 AppContext.__repr__ - A (2)\n    F 234:0 has_app_context - A (1)\n    M 58:4 _AppCtxGlobals.__setattr__ - A (1)\n    M 67:4 _AppCtxGlobals.get - A (1)\n    M 92:4 _AppCtxGlobals.setdefault - A (1)\n    M 104:4 _AppCtxGlobals.__contains__ - A (1)\n    M 107:4 _AppCtxGlobals.__iter__ - A (1)\n    M 339:4 AppContext.from_environ - A (1)\n    M 350:4 AppContext.has_request - A (1)\n    M 354:4 AppContext.copy - A (1)\n    M 482:4 AppContext.__enter__ - A (1)\n    M 486:4 AppContext.__exit__ - A (1)\nD:\\code_assistant\\Git_repo\\pallets__flask\\src\\flask\\debughelpers.py\n    F 124:0 explain_template_loading_attempts - C (13)\n    F 107:0 _dump_loader_info - B (8)\n    C 50:0 FormDataRoutingRedirect - A (4)\n    C 23:0 DebugFilesKeyError - A (3)\n    M 28:4 DebugFilesKeyError.__init__ - A (3)\n    M 57:4 FormDataRoutingRedirect.__init__ - A (3)\n    F 81:0 attach_enctype_error_multidict - A (1)\n    C 17:0 UnexpectedUnicodeError - A (1)\n    M 46:4 DebugFilesKeyError.__str__ - A (1)\nD:\\code_assistant\\Git_repo\\pallets__flask\\src\\flask\\globals.py\n    F 65:0 __getattr__ - A (2)\n    C 17:4 ProxyMixin - A (2)\n    M 18:8 ProxyMixin._get_current_object - A (1)\n    C 22:4 FlaskProxy - A (1)\n    C 24:4 AppContextProxy - A (1)\n    C 26:4 _AppCtxGlobalsProxy - A (1)\n    C 28:4 RequestProxy - A (1)\n    C 30:4 SessionMixinProxy - A (1)\nD:\\code_assistant\\Git_repo\\pallets__flask\\src\\flask\\helpers.py\n    F 571:0 get_root_path - B (10)\n    F 344:0 get_flashed_messages - B (6)\n    F 138:0 make_response - A (3)\n    F 27:0 get_debug_flag - A (2)\n    F 35:0 get_load_dotenv - A (2)\n    F 62:0 stream_with_context - A (2)\n    F 241:0 redirect - A (2)\n    F 265:0 abort - A (2)\n    F 386:0 _prepare_send_file_kwargs - A (2)\n    F 629:0 _split_blueprint_path - A (2)\n    F 51:0 stream_with_context - A (1)\n    F 57:0 stream_with_context - A (1)\n    F 187:0 url_for - A (1)\n    F 288:0 get_template_attribute - A (1)\n    F 310:0 flash - A (1)\n    F 401:0 send_file - A (1)\n    F 527:0 send_from_directory - A (1)\nD:\\code_assistant\\Git_repo\\pallets__flask\\src\\flask\\logging.py\n    F 31:0 has_level_handler - A (5)\n    F 58:0 create_logger - A (4)\n    F 16:0 wsgi_errors_stream - A (2)\nD:\\code_assistant\\Git_repo\\pallets__flask\\src\\flask\\sessions.py\n    C 298:0 SecureCookieSessionInterface - A (5)\n    M 351:4 SecureCookieSessionInterface.save_session - A (5)\n    M 337:4 SecureCookieSessionInterface.open_session - A (4)\n    M 247:4 SessionInterface.should_set_cookie - A (3)\n    M 317:4 SecureCookieSessionInterface.get_signing_serializer - A (3)\n    C 24:0 SessionMixin - A (2)\n    C 52:0 SecureCookieSession - A (2)\n    C 97:0 NullSession - A (2)\n    C 114:0 SessionInterface - A (2)\n    M 201:4 SessionInterface.get_cookie_path - A (2)\n    M 237:4 SessionInterface.get_expiration_time - A (2)\n    F 290:0 _lazy_sha1 - A (1)\n    M 28:4 SessionMixin.permanent - A (1)\n    M 33:4 SessionMixin.permanent - A (1)\n    M 74:4 SecureCookieSession.__init__ - A (1)\n    M 84:4 SecureCookieSession.__getitem__ - A (1)\n    M 88:4 SecureCookieSession.get - A (1)\n    M 92:4 SecureCookieSession.setdefault - A (1)\n    M 103:4 NullSession._fail - A (1)\n    M 164:4 SessionInterface.make_null_session - A (1)\n    M 176:4 SessionInterface.is_null_session - A (1)\n    M 185:4 SessionInterface.get_cookie_name - A (1)\n    M 189:4 SessionInterface.get_cookie_domain - A (1)\n    M 209:4 SessionInterface.get_cookie_httponly - A (1)\n    M 216:4 SessionInterface.get_cookie_secure - A (1)\n    M 222:4 SessionInterface.get_cookie_samesite - A (1)\n    M 229:4 SessionInterface.get_cookie_partitioned - A (1)\n    M 263:4 SessionInterface.open_session - A (1)\n    M 277:4 SessionInterface.save_session - A (1)\nD:\\code_assistant\\Git_repo\\pallets__flask\\src\\flask\\templating.py\n    M 63:4 DispatchingJinjaLoader._get_source_explained - A (5)\n    M 107:4 DispatchingJinjaLoader.list_templates - A (5)\n    C 48:0 DispatchingJinjaLoader - A (4)\n    M 97:4 DispatchingJinjaLoader._iter_loaders - A (4)\n    C 35:0 Environment - A (3)\n    M 87:4 DispatchingJinjaLoader._get_source_fast - A (3)\n    F 21:0 _default_template_ctx_processor - A (2)\n    M 41:4 Environment.__init__ - A (2)\n    M 56:4 DispatchingJinjaLoader.get_source - A (2)\n    F 122:0 _render - A (1)\n    F 135:0 render_template - A (1)\n    F 150:0 render_template_string - A (1)\n    F 162:0 _stream - A (1)\n    F 180:0 stream_template - A (1)\n    F 199:0 stream_template_string - A (1)\n    M 53:4 DispatchingJinjaLoader.__init__ - A (1)\nD:\\code_assistant\\Git_repo\\pallets__flask\\src\\flask\\testing.py\n    M 49:4 EnvironBuilder.__init__ - B (9)\n    M 204:4 FlaskClient.open - B (7)\n    C 27:0 EnvironBuilder - B (6)\n    M 136:4 FlaskClient.session_transaction - A (4)\n    C 109:0 FlaskClient - A (3)\n    C 265:0 FlaskCliRunner - A (3)\n    M 275:4 FlaskCliRunner.invoke - A (3)\n    F 100:0 _get_werkzeug_version - A (2)\n    M 185:4 FlaskClient._copy_environ - A (2)\n    M 249:4 FlaskClient.__enter__ - A (2)\n    M 88:4 EnvironBuilder.json_dumps - A (1)\n    M 125:4 FlaskClient.__init__ - A (1)\n    M 193:4 FlaskClient._request_from_builder_args - A (1)\n    M 255:4 FlaskClient.__exit__ - A (1)\n    M 271:4 FlaskCliRunner.__init__ - A (1)\nD:\\code_assistant\\Git_repo\\pallets__flask\\src\\flask\\views.py\n    C 138:0 MethodView - B (7)\n    M 165:4 MethodView.__init_subclass__ - B (7)\n    C 16:0 View - A (4)\n    M 86:4 View.as_view - A (4)\n    M 182:4 MethodView.dispatch_request - A (4)\n    M 78:4 View.dispatch_request - A (1)\nD:\\code_assistant\\Git_repo\\pallets__flask\\src\\flask\\wrappers.py\n    M 197:4 Request._load_form_data - A (5)\n    M 212:4 Request.on_json_loading_failed - A (4)\n    C 18:0 Request - A (3)\n    M 60:4 Request.max_content_length - A (3)\n    M 93:4 Request.max_form_memory_size - A (3)\n    M 120:4 Request.max_form_parts - A (3)\n    M 162:4 Request.blueprint - A (3)\n    C 222:0 Response - A (3)\n    M 147:4 Request.endpoint - A (2)\n    M 181:4 Request.blueprints - A (2)\n    M 247:4 Response.max_cookie_size - A (2)\n    M 89:4 Request.max_content_length - A (1)\n    M 116:4 Request.max_form_memory_size - A (1)\n    M 143:4 Request.max_form_parts - A (1)\nD:\\code_assistant\\Git_repo\\pallets__flask\\src\\flask\\json\\provider.py\n    M 75:4 JSONProvider._prepare_response_obj - B (7)\n    F 108:0 _default - B (6)\n    M 189:4 DefaultJSONProvider.response - A (4)\n    C 19:0 JSONProvider - A (3)\n    C 124:0 DefaultJSONProvider - A (3)\n    M 38:4 JSONProvider.__init__ - A (1)\n    M 41:4 JSONProvider.dumps - A (1)\n    M 49:4 JSONProvider.dump - A (1)\n    M 59:4 JSONProvider.loads - A (1)\n    M 67:4 JSONProvider.load - A (1)\n    M 89:4 JSONProvider.response - A (1)\n    M 166:4 DefaultJSONProvider.dumps - A (1)\n    M 181:4 DefaultJSONProvider.loads - A (1)\nD:\\code_assistant\\Git_repo\\pallets__flask\\src\\flask\\json\\tag.py\n    M 256:4 TaggedJSONSerializer.register - A (5)\n    M 309:4 TaggedJSONSerializer._untag_scan - A (5)\n    C 219:0 TaggedJSONSerializer - A (4)\n    C 93:0 TagDict - A (3)\n    M 103:4 TagDict.check - A (3)\n    C 119:0 PassDict - A (3)\n    C 147:0 PassList - A (3)\n    M 289:4 TaggedJSONSerializer.tag - A (3)\n    M 297:4 TaggedJSONSerializer.untag - A (3)\n    C 60:0 JSONTag - A (2)\n    M 125:4 PassDict.to_json - A (2)\n    C 133:0 TagTuple - A (2)\n    M 140:4 TagTuple.to_json - A (2)\n    M 153:4 PassList.to_json - A (2)\n    C 159:0 TagBytes - A (2)\n    C 173:0 TagMarkup - A (2)\n    C 191:0 TagUUID - A (2)\n    C 205:0 TagDateTime - A (2)\n    M 249:4 TaggedJSONSerializer.__init__ - A (2)\n    M 69:4 JSONTag.__init__ - A (1)\n    M 73:4 JSONTag.check - A (1)\n    M 77:4 JSONTag.to_json - A (1)\n    M 82:4 JSONTag.to_python - A (1)\n    M 87:4 JSONTag.tag - A (1)\n    M 110:4 TagDict.to_json - A (1)\n    M 114:4 TagDict.to_python - A (1)\n    M 122:4 PassDict.check - A (1)\n    M 137:4 TagTuple.check - A (1)\n    M 143:4 TagTuple.to_python - A (1)\n    M 150:4 PassList.check - A (1)\n    M 163:4 TagBytes.check - A (1)\n    M 166:4 TagBytes.to_json - A (1)\n    M 169:4 TagBytes.to_python - A (1)\n    M 181:4 TagMarkup.check - A (1)\n    M 184:4 TagMarkup.to_json - A (1)\n    M 187:4 TagMarkup.to_python - A (1)\n    M 195:4 TagUUID.check - A (1)\n    M 198:4 TagUUID.to_json - A (1)\n    M 201:4 TagUUID.to_python - A (1)\n    M 209:4 TagDateTime.check - A (1)\n    M 212:4 TagDateTime.to_json - A (1)\n    M 215:4 TagDateTime.to_python - A (1)\n    M 321:4 TaggedJSONSerializer.dumps - A (1)\n    M 325:4 TaggedJSONSerializer.loads - A (1)\nD:\\code_assistant\\Git_repo\\pallets__flask\\src\\flask\\json\\__init__.py\n    F 13:0 dumps - A (2)\n    F 47:0 dump - A (2)\n    F 77:0 loads - A (2)\n    F 108:0 load - A (2)\n    F 138:0 jsonify - A (1)\nD:\\code_assistant\\Git_repo\\pallets__flask\\src\\flask\\sansio\\app.py\n    M 602:4 App.add_url_rule - C (13)\n    M 865:4 App._find_error_handler - B (7)\n    M 890:4 App.trap_http_exception - B (6)\n    M 974:4 App.handle_url_build_error - B (6)\n    M 953:4 App.inject_url_defaults - A (5)\n    F 52:0 _make_timedelta - A (3)\n    C 59:0 App - A (3)\n    M 279:4 App.__init__ - A (3)\n    M 423:4 App.name - A (3)\n    M 410:4 App._check_setup_finished - A (2)\n    M 479:4 App.make_config - A (2)\n    M 507:4 App.auto_find_instance_path - A (2)\n    M 533:4 App.select_jinja_autoescape - A (2)\n    M 560:4 App.debug - A (2)\n    M 667:4 App.template_filter - A (2)\n    M 696:4 App.add_template_filter - A (2)\n    M 717:4 App.template_test - A (2)\n    M 753:4 App.add_template_test - A (2)\n    M 776:4 App.template_global - A (2)\n    M 807:4 App.add_template_global - A (2)\n    M 440:4 App.logger - A (1)\n    M 467:4 App.jinja_env - A (1)\n    M 476:4 App.create_jinja_environment - A (1)\n    M 495:4 App.make_aborter - A (1)\n    M 520:4 App.create_global_jinja_loader - A (1)\n    M 547:4 App.debug - A (1)\n    M 567:4 App.register_blueprint - A (1)\n    M 594:4 App.iter_blueprints - A (1)\n    M 661:4 App.template_filter - A (1)\n    M 663:4 App.template_filter - A (1)\n    M 711:4 App.template_test - A (1)\n    M 713:4 App.template_test - A (1)\n    M 770:4 App.template_global - A (1)\n    M 772:4 App.template_global - A (1)\n    M 824:4 App.teardown_appcontext - A (1)\n    M 855:4 App.shell_context_processor - A (1)\n    M 925:4 App.should_ignore_error - A (1)\n    M 935:4 App.redirect - A (1)\nD:\\code_assistant\\Git_repo\\pallets__flask\\src\\flask\\sansio\\blueprints.py\n    M 273:4 Blueprint.register - D (23)\n    M 379:4 Blueprint._merge_blueprint_funcs - B (6)\n    M 413:4 Blueprint.add_url_rule - B (6)\n    C 34:0 BlueprintSetupState - A (5)\n    M 87:4 BlueprintSetupState.add_url_rule - A (5)\n    M 174:4 Blueprint.__init__ - A (4)\n    M 41:4 BlueprintSetupState.__init__ - A (3)\n    C 119:0 Blueprint - A (3)\n    M 213:4 Blueprint._check_setup_finished - A (2)\n    M 256:4 Blueprint.register_blueprint - A (2)\n    M 450:4 Blueprint.app_template_filter - A (2)\n    M 504:4 Blueprint.app_template_test - A (2)\n    M 562:4 Blueprint.app_template_global - A (2)\n    M 224:4 Blueprint.record - A (1)\n    M 233:4 Blueprint.record_once - A (1)\n    M 246:4 Blueprint.make_setup_state - A (1)\n    M 444:4 Blueprint.app_template_filter - A (1)\n    M 446:4 Blueprint.app_template_filter - A (1)\n    M 476:4 Blueprint.add_app_template_filter - A (1)\n    M 498:4 Blueprint.app_template_test - A (1)\n    M 500:4 Blueprint.app_template_test - A (1)\n    M 532:4 Blueprint.add_app_template_test - A (1)\n    M 556:4 Blueprint.app_template_global - A (1)\n    M 558:4 Blueprint.app_template_global - A (1)\n    M 590:4 Blueprint.add_app_template_global - A (1)\n    M 614:4 Blueprint.before_app_request - A (1)\n    M 624:4 Blueprint.after_app_request - A (1)\n    M 634:4 Blueprint.teardown_app_request - A (1)\n    M 644:4 Blueprint.app_context_processor - A (1)\n    M 656:4 Blueprint.app_errorhandler - A (1)\n    M 673:4 Blueprint.app_url_value_preprocessor - A (1)\n    M 685:4 Blueprint.app_url_defaults - A (1)\nD:\\code_assistant\\Git_repo\\pallets__flask\\src\\flask\\sansio\\scaffold.py\n    F 709:0 _find_package_path - B (10)\n    M 657:4 Scaffold._get_exc_class_and_code - B (6)\n    F 754:0 find_package - A (5)\n    M 249:4 Scaffold.static_url_path - A (3)\n    F 701:0 _endpoint_from_view_func - A (2)\n    C 52:0 Scaffold - A (2)\n    M 75:4 Scaffold.__init__ - A (2)\n    M 224:4 Scaffold.static_folder - A (2)\n    M 234:4 Scaffold.static_folder - A (2)\n    M 265:4 Scaffold.static_url_path - A (2)\n    M 272:4 Scaffold.jinja_loader - A (2)\n    M 284:4 Scaffold._method_route - A (2)\n    F 42:0 setupmethod - A (1)\n    M 217:4 Scaffold.__repr__ - A (1)\n    M 220:4 Scaffold._check_setup_finished - A (1)\n    M 241:4 Scaffold.has_static_folder - A (1)\n    M 296:4 Scaffold.get - A (1)\n    M 304:4 Scaffold.post - A (1)\n    M 312:4 Scaffold.put - A (1)\n    M 320:4 Scaffold.delete - A (1)\n    M 328:4 Scaffold.patch - A (1)\n    M 336:4 Scaffold.route - A (1)\n    M 368:4 Scaffold.add_url_rule - A (1)\n    M 436:4 Scaffold.endpoint - A (1)\n    M 460:4 Scaffold.before_request - A (1)\n    M 487:4 Scaffold.after_request - A (1)\n    M 508:4 Scaffold.teardown_request - A (1)\n    M 542:4 Scaffold.context_processor - A (1)\n    M 559:4 Scaffold.url_value_preprocessor - A (1)\n    M 584:4 Scaffold.url_defaults - A (1)\n    M 598:4 Scaffold.errorhandler - A (1)\n    M 642:4 Scaffold.register_error_handler - A (1)\nD:\\code_assistant\\Git_repo\\pallets__flask\\tests\\conftest.py\n    F 12:0 _standard_os_environ - A (3)\n    F 85:0 leak_detector - A (3)\n    F 72:0 test_apps - A (2)\n    F 37:0 _reset_os_environ - A (1)\n    F 45:0 app - A (1)\n    F 55:0 app_ctx - A (1)\n    F 61:0 req_ctx - A (1)\n    F 67:0 client - A (1)\n    F 100:0 modules_tmp_path - A (1)\n    F 109:0 modules_tmp_path_prefix - A (1)\n    F 115:0 site_packages - A (1)\n    F 125:0 purge_module - A (1)\nD:\\code_assistant\\Git_repo\\pallets__flask\\tests\\test_appctx.py\n    F 136:0 test_app_ctx_globals_methods - B (10)\n    F 113:0 test_app_tearing_down_with_unhandled_exception - A (5)\n    F 169:0 test_context_refcounts - A (4)\n    F 31:0 test_request_context_means_app_context - A (3)\n    F 37:0 test_app_context_provides_current_app - A (3)\n    F 56:0 test_app_tearing_down_with_previous_exception - A (3)\n    F 74:0 test_app_tearing_down_with_handled_exception_by_except_block - A (3)\n    F 194:0 test_clean_pop - A (3)\n    F 7:0 test_basic_url_generation - A (2)\n    F 43:0 test_app_tearing_down - A (2)\n    F 90:0 test_app_tearing_down_with_handled_exception_by_app_handler - A (2)\n    F 159:0 test_custom_app_ctx_globals_class - A (2)\n    F 20:0 test_url_generation_requires_server_name - A (1)\n    F 26:0 test_url_generation_without_context_fails - A (1)\nD:\\code_assistant\\Git_repo\\pallets__flask\\tests\\test_async.py\n    F 97:0 test_async_before_after_request - A (5)\n    F 82:0 test_async_route - A (3)\n    F 91:0 test_async_error_handler - A (2)\n    C 22:0 AsyncView - A (2)\n    C 30:0 AsyncMethodView - A (2)\n    F 41:0 _async_app - A (1)\n    C 14:0 AppError - A (1)\n    C 18:0 BlueprintError - A (1)\n    M 25:4 AsyncView.dispatch_request - A (1)\n    M 31:4 AsyncMethodView.get - A (1)\n    M 35:4 AsyncMethodView.post - A (1)\nD:\\code_assistant\\Git_repo\\pallets__flask\\tests\\test_basic.py\n    F 1122:0 test_response_types - D (27)\n    F 1265:0 test_make_response - C (14)\n    F 291:0 test_session_using_session_settings - C (13)\n    F 92:0 test_provide_automatic_options_kwarg - C (12)\n    F 157:0 test_url_mapping - C (12)\n    F 448:0 test_session_special_types - C (11)\n    F 129:0 test_request_dispatching - B (10)\n    F 1287:0 test_make_response_with_response_instance - B (10)\n    F 1536:0 test_server_name_subdomain - B (9)\n    F 402:0 test_session_expiration - B (8)\n    F 1036:0 test_trap_bad_request_key_error - B (8)\n    F 867:0 test_error_handling - B (7)\n    F 1713:0 test_route_decorator_custom_endpoint - B (7)\n    F 1502:0 test_server_name_matching - B (6)\n    F 1901:0 test_max_cookie_size - B (6)\n    F 1216:0 test_response_type_errors - A (5)\n    F 1738:0 test_get_method_on_g - A (5)\n    F 334:0 test_session_using_samesite_attribute - A (4)\n    F 374:0 test_session_secret_key_fallbacks - A (4)\n    F 598:0 test_flashes - A (4)\n    F 688:0 test_request_processing - A (4)\n    F 755:0 test_teardown_request_handler - A (4)\n    F 773:0 test_teardown_request_handler_debug_mode - A (4)\n    F 791:0 test_teardown_request_handler_error - A (4)\n    F 967:0 test_http_error_subclass_handling - A (4)\n    F 1078:0 test_error_handler_after_processor_error - A (4)\n    F 1351:0 test_build_error_handler - A (4)\n    F 1403:0 test_static_files - A (4)\n    F 1616:0 test_url_processors - A (4)\n    F 1746:0 test_g_iteration_protocol - A (4)\n    F 1932:0 test_app_freed_on_zero_refcount - A (4)\n    F 30:0 test_options_work - A (3)\n    F 70:0 test_provide_automatic_options_attr - A (3)\n    F 193:0 test_werkzeug_routing - A (3)\n    F 214:0 test_endpoint_decorator - A (3)\n    F 234:0 test_session - A (3)\n    F 434:0 test_session_stored_last - A (3)\n    F 581:0 test_session_refresh_vary - A (3)\n    F 713:0 test_request_preprocessing_early_return - A (3)\n    F 740:0 test_after_request_processing - A (3)\n    F 829:0 test_before_after_request_order - A (3)\n    F 905:0 test_error_handling_processing - A (3)\n    F 937:0 test_before_request_and_routing_errors - A (3)\n    F 999:0 test_errorhandler_precedence - A (3)\n    F 1107:0 test_enctype_debug_helper - A (3)\n    F 1309:0 test_jsonify_no_prettyprint - A (3)\n    F 1339:0 test_url_generation - A (3)\n    F 1412:0 test_static_url_path - A (3)\n    F 1423:0 test_static_url_path_with_ending_slash - A (3)\n    F 1468:0 test_static_route_with_host_matching - A (3)\n    F 1489:0 test_request_locals - A (3)\n    F 1582:0 test_exception_propagation - A (3)\n    F 1645:0 test_inject_blueprint_url_defaults - A (3)\n    F 1678:0 test_no_setup_after_first_request - A (3)\n    F 1693:0 test_routing_redirect_debugging - A (3)\n    F 1754:0 test_subdomain_basic_support - A (3)\n    F 1801:0 test_subdomain_matching_other_name - A (3)\n    F 1824:0 test_multi_route_rules - A (3)\n    F 1836:0 test_multi_route_class_views - A (3)\n    F 40:0 test_options_on_multiple_rules - A (2)\n    F 54:0 test_method_route - A (2)\n    F 257:0 test_session_path - A (2)\n    F 269:0 test_session_using_application_root - A (2)\n    F 361:0 test_missing_session - A (2)\n    F 951:0 test_user_error_handling - A (2)\n    F 1317:0 test_jsonify_mimetype - A (2)\n    F 1324:0 test_json_dump_dataclass - A (2)\n    F 1333:0 test_jsonify_args_and_kwargs_check - A (2)\n    F 1434:0 test_static_url_empty_path - A (2)\n    F 1441:0 test_static_url_empty_path_default - A (2)\n    F 1448:0 test_static_folder_with_pathlib_path - A (2)\n    F 1457:0 test_static_folder_with_ending_slash - A (2)\n    F 1669:0 test_nonascii_pathinfo - A (2)\n    F 1774:0 test_subdomain_matching - A (2)\n    F 1787:0 test_subdomain_matching_with_ports - A (2)\n    F 1852:0 test_run_defaults - A (2)\n    F 1864:0 test_run_server_port - A (2)\n    F 65:0 test_method_route_no_methods - A (1)\n    F 152:0 test_disallow_string_for_allowed_methods - A (1)\n    F 479:0 test_session_cookie_setting - A (1)\n    F 520:0 test_session_vary_cookie - A (1)\n    F 607:0 test_extended_flashing - A (1)\n    F 926:0 test_baseexception_error_handling - A (1)\n    F 1067:0 test_trapping_of_all_http_exceptions - A (1)\n    F 1377:0 test_build_error_handler_reraise - A (1)\n    F 1388:0 test_url_for_passes_special_values_to_build_error_handler - A (1)\n    F 1602:0 test_werkzeug_passthrough_errors - A (1)\n    F 1889:0 test_run_from_config - A (1)\nD:\\code_assistant\\Git_repo\\pallets__flask\\tests\\test_blueprints.py\n    F 723:0 test_template_global - C (18)\n    F 362:0 test_template_filter - C (13)\n    F 522:0 test_template_test - C (13)\n    F 176:0 test_templates_and_static - C (11)\n    F 874:0 test_nested_blueprint - B (7)\n    F 1098:0 test_blueprint_renaming - B (7)\n    F 295:0 test_route_decorator_custom_endpoint - B (6)\n    F 808:0 test_app_request_processing - B (6)\n    F 131:0 test_blueprint_url_defaults - A (5)\n    F 682:0 test_context_processing - A (5)\n    F 8:0 test_blueprint_specific_error_handling - A (4)\n    F 399:0 test_add_template_filter - A (4)\n    F 412:0 test_template_filter_with_name - A (4)\n    F 425:0 test_add_template_filter_with_name - A (4)\n    F 559:0 test_add_template_test - A (4)\n    F 572:0 test_template_test_with_name - A (4)\n    F 585:0 test_add_template_test_with_name - A (4)\n    F 777:0 test_request_processing - A (4)\n    F 46:0 test_blueprint_specific_user_error_handling - A (3)\n    F 80:0 test_blueprint_app_error_handling - A (3)\n    F 151:0 test_blueprint_url_processors - A (3)\n    F 223:0 test_default_static_max_age - A (3)\n    F 281:0 test_empty_url_defaults - A (3)\n    F 345:0 test_endpoint_decorator - A (3)\n    F 847:0 test_app_url_processors - A (3)\n    F 923:0 test_nested_callback_order - A (3)\n    F 1053:0 test_child_and_parent_subdomain - A (3)\n    F 120:0 test_blueprint_prefix_slash - A (2)\n    F 247:0 test_templates_list - A (2)\n    F 264:0 test_dotted_names_from_app - A (2)\n    F 438:0 test_template_filter_with_template - A (2)\n    F 455:0 test_template_filter_after_route_with_template - A (2)\n    F 471:0 test_add_template_filter_with_template - A (2)\n    F 488:0 test_template_filter_with_name_and_template - A (2)\n    F 505:0 test_add_template_filter_with_name_and_template - A (2)\n    F 598:0 test_template_test_with_template - A (2)\n    F 615:0 test_template_test_after_route_with_template - A (2)\n    F 631:0 test_add_template_test_with_template - A (2)\n    F 648:0 test_template_test_with_name_and_template - A (2)\n    F 665:0 test_add_template_test_with_name_and_template - A (2)\n    F 1012:0 test_nesting_url_prefixes - A (2)\n    F 1034:0 test_nesting_subdomains - A (2)\n    F 254:0 test_dotted_name_not_allowed - A (1)\n    F 259:0 test_empty_name_not_allowed - A (1)\n    F 327:0 test_route_decorator_custom_endpoint_with_dots - A (1)\n    F 1075:0 test_unique_blueprint_names - A (1)\n    F 1092:0 test_self_registration - A (1)\nD:\\code_assistant\\Git_repo\\pallets__flask\\tests\\test_cli.py\n    F 48:0 test_find_best_app - C (12)\n    F 247:0 test_scriptinfo - C (11)\n    F 536:0 test_load_dotenv - B (10)\n    F 320:0 test_appgroup_app_context - A (5)\n    F 398:0 test_no_command_echo_loading_error - A (5)\n    F 413:0 test_help_echo_loading_error - A (5)\n    F 428:0 test_help_echo_exception - A (5)\n    F 648:0 test_cli_blueprints - A (5)\n    F 231:0 test_get_version - A (4)\n    F 560:0 test_dotenv_path - A (4)\n    F 161:0 test_prepare_import - A (3)\n    F 307:0 test_with_appcontext - A (3)\n    F 348:0 test_flaskgroup_app_context - A (3)\n    F 366:0 test_flaskgroup_debug - A (3)\n    F 584:0 test_run_cert_path - A (3)\n    C 446:0 TestRoutes - A (3)\n    M 463:4 TestRoutes.expect_order - A (3)\n    M 474:4 TestRoutes.test_sort - A (3)\n    M 489:4 TestRoutes.test_all_methods - A (3)\n    M 495:4 TestRoutes.test_no_routes - A (3)\n    M 502:4 TestRoutes.test_subdomain - A (3)\n    M 511:4 TestRoutes.test_host - A (3)\n    F 41:0 test_cli_name - A (2)\n    F 195:0 test_locate_app - A (2)\n    F 222:0 test_locate_app_suppress_raise - A (2)\n    F 289:0 test_app_cli_has_app_context - A (2)\n    F 385:0 test_flaskgroup_nested - A (2)\n    F 521:0 dotenv_not_available - A (2)\n    F 569:0 test_dotenv_optional - A (2)\n    F 577:0 test_disable_dotenv_from_env - A (2)\n    F 602:0 test_run_cert_adhoc - A (2)\n    F 619:0 test_run_cert_import - A (2)\n    F 691:0 test_cli_empty - A (2)\n    F 700:0 test_run_exclude_patterns - A (2)\n    M 469:4 TestRoutes.test_simple - A (2)\n    F 37:0 runner - A (1)\n    F 217:0 test_locate_app_raises - A (1)\n    F 641:0 test_run_cert_no_ssl - A (1)\n    M 448:4 TestRoutes.app - A (1)\n    M 459:4 TestRoutes.invoke - A (1)\nD:\\code_assistant\\Git_repo\\pallets__flask\\tests\\test_config.py\n    F 217:0 test_get_namespace - C (13)\n    F 48:0 test_from_prefixed_env - B (8)\n    F 79:0 test_from_prefixed_env_nested - A (5)\n    F 13:0 common_object_test - A (4)\n    F 144:0 test_config_from_envvar - A (4)\n    F 161:0 test_config_from_envvar_missing - A (4)\n    F 174:0 test_config_missing - A (4)\n    F 186:0 test_config_missing_file - A (4)\n    F 69:0 test_from_prefixed_env_custom_prefix - A (2)\n    F 198:0 test_custom_config_class - A (2)\n    F 211:0 test_session_lifetime - A (2)\n    F 244:0 test_from_pyfile_weird_encoding - A (2)\n    F 19:0 test_config_from_pyfile - A (1)\n    F 25:0 test_config_from_object - A (1)\n    F 31:0 test_config_from_file_json - A (1)\n    F 38:0 test_config_from_file_toml - A (1)\n    F 110:0 test_config_from_mapping - A (1)\n    F 132:0 test_config_from_class - A (1)\nD:\\code_assistant\\Git_repo\\pallets__flask\\tests\\test_converters.py\n    F 8:0 test_custom_converters - A (3)\n    F 29:0 test_context_available - A (2)\nD:\\code_assistant\\Git_repo\\pallets__flask\\tests\\test_helpers.py\n    M 45:4 TestSendfile.test_static_file - B (8)\n    C 33:0 TestSendfile - B (6)\n    M 348:4 TestHelpers.test_make_response - B (6)\n    C 333:0 TestHelpers - A (5)\n    M 34:4 TestSendfile.test_send_file - A (4)\n    M 131:4 TestUrlFor.test_url_for_with_alternating_schemes - A (4)\n    M 143:4 TestUrlFor.test_url_with_method - A (4)\n    F 172:0 test_redirect_no_app - A (3)\n    C 102:0 TestUrlFor - A (3)\n    C 217:0 TestNoImports - A (3)\n    C 236:0 TestStreaming - A (3)\n    M 264:4 TestStreaming.test_streaming_with_context_and_custom_close - A (3)\n    M 309:4 TestStreaming.test_async_view - A (3)\n    F 196:0 test_app_aborter_class - A (2)\n    F 362:0 test_open_resource - A (2)\n    F 378:0 test_open_resource_with_encoding - A (2)\n    C 11:0 FakePath - A (2)\n    C 25:0 PyBytesIO - A (2)\n    M 92:4 TestSendfile.test_send_from_directory - A (2)\n    M 103:4 TestUrlFor.test_url_for_with_anchor - A (2)\n    M 110:4 TestUrlFor.test_url_for_with_scheme - A (2)\n    M 120:4 TestUrlFor.test_url_for_with_scheme_not_external - A (2)\n    M 164:4 TestUrlFor.test_url_for_with_self - A (2)\n    M 228:4 TestNoImports.test_name_with_import_error - A (2)\n    M 237:4 TestStreaming.test_streaming_with_context - A (2)\n    M 250:4 TestStreaming.test_streaming_with_context_as_decorator - A (2)\n    M 295:4 TestStreaming.test_stream_keeps_session - A (2)\n    M 344:4 TestHelpers.test_get_debug_flag - A (2)\n    F 178:0 test_redirect_with_app - A (1)\n    F 188:0 test_abort_no_app - A (1)\n    F 207:0 test_abort_with_app - A (1)\n    F 370:0 test_open_resource_exceptions - A (1)\n    M 18:4 FakePath.__init__ - A (1)\n    M 21:4 FakePath.__fspath__ - A (1)\n    M 26:4 PyBytesIO.__init__ - A (1)\n    M 29:4 PyBytesIO.__getattr__ - A (1)\nD:\\code_assistant\\Git_repo\\pallets__flask\\tests\\test_instance_config.py\n    F 8:0 test_explicit_instance_paths - A (2)\n    F 16:0 test_uninstalled_module_paths - A (2)\n    F 30:0 test_uninstalled_package_paths - A (2)\n    F 46:0 test_uninstalled_namespace_paths - A (2)\n    F 65:0 test_installed_module_paths - A (2)\n    F 80:0 test_installed_package_paths - A (2)\n    F 99:0 test_prefix_package_paths - A (2)\nD:\\code_assistant\\Git_repo\\pallets__flask\\tests\\test_json.py\n    F 270:0 test_json_key_sorting - B (6)\n    F 78:0 test_jsonify_dicts - A (4)\n    F 105:0 test_jsonify_arrays - A (4)\n    F 15:0 test_bad_request_debug_message - A (3)\n    F 70:0 test_jsonify_basic_types - A (3)\n    F 176:0 test_jsonify_uuid_types - A (3)\n    F 30:0 test_json_bad_requests - A (2)\n    F 39:0 test_json_custom_mimetypes - A (2)\n    F 51:0 test_json_as_unicode - A (2)\n    F 57:0 test_json_dump_to_file - A (2)\n    F 136:0 test_jsonify_datetime - A (2)\n    F 167:0 test_jsonify_aware_datetimes - A (2)\n    F 191:0 test_json_decimal - A (2)\n    F 196:0 test_json_attr - A (2)\n    F 210:0 test_tojson_filter - A (2)\n    F 223:0 test_json_customization - A (2)\n    F 260:0 _has_encoding - A (2)\n    F 340:0 test_html_method - A (2)\n    C 145:0 FixedOffset - A (2)\n    M 152:4 FixedOffset.__init__ - A (1)\n    M 156:4 FixedOffset.utcoffset - A (1)\n    M 159:4 FixedOffset.tzname - A (1)\n    M 162:4 FixedOffset.dst - A (1)\nD:\\code_assistant\\Git_repo\\pallets__flask\\tests\\test_json_tag.py\n    F 32:0 test_duplicate_tag - A (3)\n    F 73:0 test_tag_order - A (3)\n    F 27:0 test_dump_load_unchanged - A (2)\n    F 43:0 test_custom_tag - A (2)\n    F 66:0 test_tag_interface - A (1)\nD:\\code_assistant\\Git_repo\\pallets__flask\\tests\\test_logging.py\n    F 70:0 test_has_level_handler - A (5)\n    F 86:0 test_log_view_exception - A (5)\n    F 36:0 test_logger - A (4)\n    F 54:0 test_wsgi_errors_stream - A (4)\n    F 42:0 test_logger_debug - A (3)\n    F 48:0 test_existing_handler - A (3)\n    F 13:0 reset_logging - A (2)\nD:\\code_assistant\\Git_repo\\pallets__flask\\tests\\test_regression.py\n    F 4:0 test_aborting - A (5)\nD:\\code_assistant\\Git_repo\\pallets__flask\\tests\\test_reqctx.py\n    F 123:0 test_context_test - A (5)\n    F 229:0 test_session_dynamic_cookie_name - A (5)\n    F 30:0 test_teardown_with_previous_exception - A (4)\n    F 47:0 test_teardown_with_handled_exception - A (4)\n    F 107:0 test_context_binding - A (4)\n    F 205:0 test_session_error_pops_context - A (4)\n    C 149:0 TestGreenletContextCopying - A (4)\n    F 16:0 test_teardown_on_pop - A (3)\n    F 63:0 test_proper_test_request_context - A (3)\n    M 150:4 TestGreenletContextCopying.test_greenlet_context_copying - A (3)\n    M 179:4 TestGreenletContextCopying.test_greenlet_context_copying_api - A (3)\n    F 135:0 test_manual_context_binding - A (2)\n    F 280:0 test_bad_environ_raises_bad_request - A (2)\n    F 297:0 test_environ_for_valid_idna_completes - A (2)\n    F 318:0 test_normal_environ_completes - A (2)\nD:\\code_assistant\\Git_repo\\pallets__flask\\tests\\test_request.py\n    F 25:0 test_limit_config - C (13)\n    F 57:0 test_trusted_hosts_config - A (4)\n    F 9:0 test_max_content_length - A (2)\nD:\\code_assistant\\Git_repo\\pallets__flask\\tests\\test_session_interface.py\n    F 6:0 test_open_session_with_endpoint - A (2)\nD:\\code_assistant\\Git_repo\\pallets__flask\\tests\\test_signals.py\n    F 25:0 test_before_render_template - A (5)\n    F 4:0 test_template_rendered - A (4)\n    F 95:0 test_request_exception_signal - A (4)\n    F 139:0 test_flash_signal - A (4)\n    F 163:0 test_appcontext_tearing_down_signal - A (4)\n    F 50:0 test_request_signals - A (3)\n    F 115:0 test_appcontext_signals - A (3)\nD:\\code_assistant\\Git_repo\\pallets__flask\\tests\\test_subclassing.py\n    F 6:0 test_suppressed_exception_logging - A (4)\nD:\\code_assistant\\Git_repo\\pallets__flask\\tests\\test_templating.py\n    F 359:0 test_add_template_global - C (17)\n    F 123:0 test_template_filter - C (13)\n    F 241:0 test_template_test - C (13)\n    F 443:0 test_templates_auto_reload - C (12)\n    F 157:0 test_add_template_filter - A (4)\n    F 167:0 test_template_filter_with_name - A (4)\n    F 177:0 test_add_template_filter_with_name - A (4)\n    F 275:0 test_add_template_test - A (4)\n    F 285:0 test_template_test_with_name - A (4)\n    F 295:0 test_add_template_test_with_name - A (4)\n    F 113:0 test_escaping_without_template_filename - A (3)\n    F 475:0 test_templates_auto_reload_debug_run - A (3)\n    F 488:0 test_template_loader_debugging - A (3)\n    F 11:0 test_context_processing - A (2)\n    F 24:0 test_original_win - A (2)\n    F 33:0 test_simple_stream - A (2)\n    F 42:0 test_request_less_rendering - A (2)\n    F 53:0 test_standard_context - A (2)\n    F 71:0 test_escaping - A (2)\n    F 91:0 test_no_escaping - A (2)\n    F 118:0 test_macros - A (2)\n    F 187:0 test_template_filter_with_template - A (2)\n    F 200:0 test_add_template_filter_with_template - A (2)\n    F 214:0 test_template_filter_with_name_and_template - A (2)\n    F 227:0 test_add_template_filter_with_name_and_template - A (2)\n    F 305:0 test_template_test_with_template - A (2)\n    F 318:0 test_add_template_test_with_template - A (2)\n    F 332:0 test_template_test_with_name_and_template - A (2)\n    F 345:0 test_add_template_test_with_name_and_template - A (2)\n    F 405:0 test_custom_template_loader - A (2)\n    F 423:0 test_iterable_loader - A (2)\n    F 524:0 test_custom_jinja_env - A (2)\nD:\\code_assistant\\Git_repo\\pallets__flask\\tests\\test_testing.py\n    F 201:0 test_test_client_context_binding - B (7)\n    F 158:0 test_session_transactions - B (6)\n    F 252:0 test_json_request_and_response - B (6)\n    F 102:0 test_path_is_url - A (5)\n    F 117:0 test_blueprint_with_subdomain - A (4)\n    F 240:0 test_full_url_request - A (4)\n    F 15:0 test_environ_defaults_from_config - A (3)\n    F 30:0 test_environ_defaults - A (3)\n    F 42:0 test_environ_base_default - A (3)\n    F 57:0 test_environ_base_modified - A (3)\n    F 73:0 test_client_open_environ - A (3)\n    F 90:0 test_specify_url_scheme - A (3)\n    F 141:0 test_redirect_session - A (3)\n    F 185:0 test_session_transactions_keep_context - A (3)\n    F 230:0 test_reuse_client - A (3)\n    F 271:0 test_client_json_no_app_context - A (3)\n    F 291:0 test_subdomain - A (3)\n    F 310:0 test_nosubdomain - A (3)\n    F 327:0 test_cli_runner_class - A (3)\n    F 339:0 test_cli_invoke - A (3)\n    F 110:0 test_environbuilder_json_dumps - A (2)\n    F 175:0 test_session_transactions_no_null_sessions - A (2)\n    F 353:0 test_cli_custom_obj - A (2)\n    F 371:0 test_client_pop_all_preserved - A (2)\n    F 193:0 test_session_transaction_needs_cookies - A (1)\nD:\\code_assistant\\Git_repo\\pallets__flask\\tests\\test_user_error_handler.py\n    F 10:0 test_error_handler_no_match - B (7)\n    F 163:0 test_default_error_handler - B (6)\n    M 253:4 TestGenericHandlers.test_handle_class_or_code - A (5)\n    M 283:4 TestGenericHandlers.test_handle_generic - A (5)\n    F 61:0 test_error_handler_subclass - A (4)\n    F 100:0 test_error_handler_http_subclass - A (4)\n    C 217:0 TestGenericHandlers - A (4)\n    M 269:4 TestGenericHandlers.test_handle_generic_http - A (4)\n    F 136:0 test_error_handler_blueprint - A (3)\n    M 244:4 TestGenericHandlers.report_error - A (2)\n    M 224:4 TestGenericHandlers.app - A (1)\nD:\\code_assistant\\Git_repo\\pallets__flask\\tests\\test_views.py\n    F 7:0 common_test - A (5)\n    F 141:0 test_implicit_head - A (5)\n    F 101:0 test_view_provide_automatic_options_attr - A (4)\n    F 155:0 test_explicit_head - A (4)\n    F 189:0 test_methods_var_inheritance - A (4)\n    F 207:0 test_multiple_inheritance - A (4)\n    F 226:0 test_remove_method_from_parent - A (4)\n    F 80:0 test_view_decorators - A (3)\n    F 245:0 test_init_once - A (3)\n    F 62:0 test_view_inheritance - A (2)\n    F 17:0 test_basic_view - A (1)\n    F 28:0 test_method_based_view - A (1)\n    F 41:0 test_view_patching - A (1)\n    F 171:0 test_endpoint_override - A (1)\nD:\\code_assistant\\Git_repo\\pallets__flask\\tests\\test_apps\\blueprintapp\\apps\\admin\\__init__.py\n    F 14:0 index - A (1)\n    F 19:0 index2 - A (1)\nD:\\code_assistant\\Git_repo\\pallets__flask\\tests\\test_apps\\blueprintapp\\apps\\frontend\\__init__.py\n    F 8:0 index - A (1)\n    F 13:0 missing_template - A (1)\nD:\\code_assistant\\Git_repo\\pallets__flask\\tests\\test_apps\\cliapp\\factory.py\n    F 4:0 create_app - A (1)\n    F 8:0 create_app2 - A (1)\n    F 12:0 no_app - A (1)\nD:\\code_assistant\\Git_repo\\pallets__flask\\tests\\test_apps\\helloworld\\hello.py\n    F 7:0 hello - A (1)\nD:\\code_assistant\\Git_repo\\pallets__flask\\tests\\type_check\\typing_app_decorators.py\n    F 10:0 after_sync - A (1)\n    F 15:0 after_async - A (1)\n    F 20:0 before_sync - A (1)\n    F 24:0 before_async - A (1)\n    F 28:0 teardown_sync - A (1)\n    F 32:0 teardown_async - A (1)\nD:\\code_assistant\\Git_repo\\pallets__flask\\tests\\type_check\\typing_error_handler.py\n    F 16:0 handle_400 - A (1)\n    F 21:0 handle_custom - A (1)\n    F 26:0 handle_accept_base - A (1)\n    F 32:0 handle_multiple - A (1)\nD:\\code_assistant\\Git_repo\\pallets__flask\\tests\\type_check\\typing_route.py\n    F 60:0 hello_generator_expression - A (2)\n    F 65:0 hello_iterator - A (2)\n    C 101:0 RenderTemplateView - A (2)\n    F 17:0 hello_str - A (1)\n    F 22:0 hello_bytes - A (1)\n    F 27:0 hello_json - A (1)\n    F 32:0 hello_json_dict - A (1)\n    F 37:0 hello_json_list - A (1)\n    F 46:0 typed_dict - A (1)\n    F 51:0 hello_generator - A (1)\n    F 71:0 tuple_status - A (1)\n    F 76:0 tuple_status_enum - A (1)\n    F 81:0 tuple_headers - A (1)\n    F 87:0 return_template - A (1)\n    F 92:0 return_template_stream - A (1)\n    F 97:0 async_route - A (1)\n    C 41:0 StatusJSON - A (1)\n    M 102:4 RenderTemplateView.__init__ - A (1)\n    M 105:4 RenderTemplateView.dispatch_request - A (1)\n\n923 blocks (classes, functions, methods) analyzed.\nAverage complexity: A (2.9209100758396533)\n",
      "stderr": ""
    },
    "mypy": {
      "ok": false,
      "stdout": "src\\flask\\typing.py:8: error: Cannot find implementation or library stub for\nmodule named \"werkzeug.datastructures\"  [import-not-found]\n        from werkzeug.datastructures import Headers  # noqa: F401\n    ^\nsrc\\flask\\typing.py:9: error: Cannot find implementation or library stub for\nmodule named \"werkzeug.sansio.response\"  [import-not-found]\n        from werkzeug.sansio.response import Response  # noqa: F401\n    ^\nexamples\\celery\\src\\task_app\\tasks.py:3: error: Cannot find implementation or\nlibrary stub for module named \"celery\"  [import-not-found]\n    from celery import shared_task\n    ^\nexamples\\celery\\src\\task_app\\tasks.py:7: error: Untyped decorator makes\nfunction \"add\" untyped  [untyped-decorator]\n    @shared_task(ignore_result=False)\n     ^~~~~~~~~~~~~~~~~~~~~~~~~~~~~~~~\nexamples\\celery\\src\\task_app\\tasks.py:12: error: Untyped decorator makes\nfunction \"block\" untyped  [untyped-decorator]\n    @shared_task()\n     ^~~~~~~~~~~~~\nexamples\\celery\\src\\task_app\\tasks.py:17: error: Untyped decorator makes\nfunction \"process\" untyped  [untyped-decorator]\n    @shared_task(bind=True, ignore_result=False)\n     ^~~~~~~~~~~~~~~~~~~~~~~~~~~~~~~~~~~~~~~~~~~\ndocs\\conf.py:2: error: Cannot find implementation or library stub for module\nnamed \"pallets_sphinx_themes\"  [import-not-found]\n    from pallets_sphinx_themes import get_version\n    ^\ndocs\\conf.py:72: error: Function is missing a type annotation  [no-untyped-def]\n    def github_link(name, rawtext, text, lineno, inliner, options=None, co...\n    ^~~~~~~~~~~~~~~~~~~~~~~~~~~~~~~~~~~~~~~~~~~~~~~~~~~~~~~~~~~~~~~~~~~~~~...\ndocs\\conf.py:91: error: Library stubs not installed for \"docutils.nodes\" \n[import-untyped]\n        from docutils.nodes import reference\n    ^\ndocs\\conf.py:92: error: Library stubs not installed for\n\"docutils.parsers.rst.roles\"  [import-untyped]\n        from docutils.parsers.rst.roles import set_classes\n    ^\ndocs\\conf.py:92: note: Hint: \"python3 -m pip install types-docutils\"\ndocs\\conf.py:92: note: (or run \"mypy --install-types\" to install all missing stub packages)\ndocs\\conf.py:92: note: See https://mypy.readthedocs.io/en/stable/running_mypy.html#missing-imports\ndocs\\conf.py:100: error: Function is missing a type annotation \n[no-untyped-def]\n    def setup(app):\n    ^~~~~~~~~~~~~~~\nsrc\\flask\\globals.py:6: error: Cannot find implementation or library stub for\nmodule named \"werkzeug.local\"  [import-not-found]\n    from werkzeug.local import LocalProxy\n    ^\nsrc\\flask\\globals.py:41: error: Unused \"type: ignore\" comment  [unused-ignore]\n    app_ctx: AppContextProxy = LocalProxy(  # type: ignore[assignment]\n    ^~~~~~~~~~~~~~~~~~~~~~~~~~~~~~~~~~~~~~~~~~~~~~~~~~~~~~~~~~~~~~~~~\nsrc\\flask\\globals.py:44: error: Unused \"type: ignore\" comment  [unused-ignore]\n    current_app: FlaskProxy = LocalProxy(  # type: ignore[assignment]\n    ^~~~~~~~~~~~~~~~~~~~~~~~~~~~~~~~~~~~~~~~~~~~~~~~~~~~~~~~~~~~~~~~\nsrc\\flask\\globals.py:47: error: Unused \"type: ignore\" comment  [unused-ignore]\n    g: _AppCtxGlobalsProxy = LocalProxy(  # type: ignore[assignment]\n    ^~~~~~~~~~~~~~~~~~~~~~~~~~~~~~~~~~~~~~~~~~~~~~~~~~~~~~~~~~~~~~~\nsrc\\flask\\globals.py:57: error: Unused \"type: ignore\" comment  [unused-ignore]\n    request: RequestProxy = LocalProxy(  # type: ignore[assignment]\n    ^~~~~~~~~~~~~~~~~~~~~~~~~~~~~~~~~~~~~~~~~~~~~~~~~~~~~~~~~~~~~~\nsrc\\flask\\globals.py:60: error: Unused \"type: ignore\" comment  [unused-ignore]\n    session: SessionMixinProxy = LocalProxy(  # type: ignore[assignment]\n    ^~~~~~~~~~~~~~~~~~~~~~~~~~~~~~~~~~~~~~~~~~~~~~~~~~~~~~~~~~~~~~~~~~~\nsrc\\flask\\config.py:9: error: Cannot find implementation or library stub for\nmodule named \"werkzeug.utils\"  [import-not-found]\n    from werkzeug.utils import import_string\n    ^\nsrc\\flask\\json\\provider.py:11: error: Cannot find implementation or library\nstub for module named \"werkzeug.http\"  [import-not-found]\n    from werkzeug.http import http_date\n    ^\nsrc\\flask\\json\\provider.py:14: error: Cannot find implementation or library\nstub for module named \"werkzeug.sansio.response\"  [import-not-found]\n        from werkzeug.sansio.response import Response\n    ^\nsrc\\flask\\logging.py:7: error: Cannot find implementation or library stub for\nmodule named \"werkzeug.local\"  [import-not-found]\n    from werkzeug.local import LocalProxy\n    ^\nsrc\\flask\\logging.py:15: error: Untyped decorator makes function\n\"wsgi_errors_stream\" untyped  [untyped-decorator]\n    @LocalProxy\n     ^~~~~~~~~~\nsrc\\flask\\logging.py:52: error: Unused \"type: ignore\" comment  [unused-ignore]\n    default_handler = logging.StreamHandler(wsgi_errors_stream)  # type: i...\n    ^~~~~~~~~~~~~~~~~~~~~~~~~~~~~~~~~~~~~~~~~~~~~~~~~~~~~~~~~~~~~~~~~~~~~~...\nsrc\\flask\\helpers.py:11: error: Cannot find implementation or library stub for\nmodule named \"werkzeug.utils\"  [import-not-found]\n    import werkzeug.utils\n    ^\nsrc\\flask\\helpers.py:11: error: Cannot find implementation or library stub for\nmodule named \"werkzeug\"  [import-not-found]\n    import werkzeug.utils\n    ^\nsrc\\flask\\helpers.py:12: error: Cannot find implementation or library stub for\nmodule named \"werkzeug.exceptions\"  [import-not-found]\n    from werkzeug.exceptions import abort as _wz_abort\n    ^\nsrc\\flask\\helpers.py:14: error: Cannot find implementation or library stub for\nmodule named \"werkzeug.wrappers\"  [import-not-found]\n    from werkzeug.wrappers import Response as BaseResponse\n    ^\nsrc\\flask\\helpers.py:265: error: Implicit return in function which does not\nreturn  [misc]\n    def abort(code: int | BaseResponse, *args: t.Any, **kwargs: t.Any) -> ...\n    ^~~~~~~~~~~~~~~~~~~~~~~~~~~~~~~~~~~~~~~~~~~~~~~~~~~~~~~~~~~~~~~~~~~~~~...\nsrc\\flask\\helpers.py:512: error: Unused \"type: ignore\" comment  [unused-ignore]\n        return werkzeug.utils.send_file(  # type: ignore[return-value]\n        ^~~~~~~~~~~~~~~~~~~~~~~~~~~~~~~~~~~~~~~~~~~~~~~~~~~~~~~~~~~~~\nsrc\\flask\\helpers.py:512: error: Returning Any from function declared to return\n\"Response\"  [no-any-return]\n        return werkzeug.utils.send_file(  # type: ignore[return-value]\n        ^~~~~~~~~~~~~~~~~~~~~~~~~~~~~~~~~~~~~~~~~~~~~~~~~~~~~~~~~~~~~~\nsrc\\flask\\helpers.py:512: note: Error code \"no-any-return\" not covered by \"type: ignore\" comment\nsrc\\flask\\helpers.py:566: error: Unused \"type: ignore\" comment  [unused-ignore]\n        return werkzeug.utils.send_from_directory(  # type: ignore[return-...\n        ^~~~~~~~~~~~~~~~~~~~~~~~~~~~~~~~~~~~~~~~~~~~~~~~~~~~~~~~~~~~~~~~~~...\nsrc\\flask\\helpers.py:566: error: Returning Any from function declared to return\n\"Response\"  [no-any-return]\n        return werkzeug.utils.send_from_directory(  # type: ignore[return-...\n        ^~~~~~~~~~~~~~~~~~~~~~~~~~~~~~~~~~~~~~~~~~~~~~~~~~~~~~~~~~~~~~~~~~...\nsrc\\flask\\helpers.py:566: note: Error code \"no-any-return\" not covered by \"type: ignore\" comment\nsrc\\flask\\json\\__init__.py:170: error: Unused \"type: ignore\" comment \n[unused-ignore]\n        return current_app.json.response(*args, **kwargs)  # type: ignore[...\n        ^~~~~~~~~~~~~~~~~~~~~~~~~~~~~~~~~~~~~~~~~~~~~~~~~~~~~~~~~~~~~~~~~~...\nsrc\\flask\\json\\__init__.py:170: error: Returning Any from function declared to\nreturn \"Response\"  [no-any-return]\n        return current_app.json.response(*args, **kwargs)  # type: ignore[...\n        ^~~~~~~~~~~~~~~~~~~~~~~~~~~~~~~~~~~~~~~~~~~~~~~~~\nsrc\\flask\\json\\__init__.py:170: note: Error code \"no-any-return\" not covered by \"type: ignore\" comment\nsrc\\flask\\json\\tag.py:53: error: Cannot find implementation or library stub for\nmodule named \"werkzeug.http\"  [import-not-found]\n    from werkzeug.http import http_date\n    ^\nsrc\\flask\\sessions.py:10: error: Cannot find implementation or library stub for\nmodule named \"itsdangerous\"  [import-not-found]\n    from itsdangerous import BadSignature\n    ^\nsrc\\flask\\sessions.py:12: error: Cannot find implementation or library stub for\nmodule named \"werkzeug.datastructures\"  [import-not-found]\n    from werkzeug.datastructures import CallbackDict\n    ^\nsrc\\flask\\sessions.py:52: error: Class cannot subclass value of type \"Any\" \n[misc]\n    class SecureCookieSession(CallbackDict[str, t.Any], SessionMixin):\n                              ^~~~~~~~~~~~~~~~~~~~~~~~\nsrc\\flask\\sessions.py:328: error: Unused \"type: ignore\" comment \n[unused-ignore]\n                keys,  # type: ignore[arg-type]\n                ^~~~~~~~~~~~~~~~~~~~~~~~~~~~~~\nsrc\\flask\\wrappers.py:5: error: Cannot find implementation or library stub for\nmodule named \"werkzeug.exceptions\"  [import-not-found]\n    from werkzeug.exceptions import BadRequest\n    ^\nsrc\\flask\\wrappers.py:7: error: Cannot find implementation or library stub for\nmodule named \"werkzeug.wrappers\"  [import-not-found]\n    from werkzeug.wrappers import Request as RequestBase\n    ^\nsrc\\flask\\wrappers.py:15: error: Cannot find implementation or library stub for\nmodule named \"werkzeug.routing\"  [import-not-found]\n        from werkzeug.routing import Rule\n    ^\nsrc\\flask\\wrappers.py:18: error: Class cannot subclass \"RequestBase\" (has type\n\"Any\")  [misc]\n    class Request(RequestBase):\n                  ^~~~~~~~~~~\nsrc\\flask\\wrappers.py:84: error: Returning Any from function declared to return\n\"int | None\"  [no-any-return]\n                return super().max_content_length\n                ^~~~~~~~~~~~~~~~~~~~~~~~~~~~~~~~~\nsrc\\flask\\wrappers.py:111: error: Returning Any from function declared to\nreturn \"int | None\"  [no-any-return]\n                return super().max_form_memory_size\n                ^~~~~~~~~~~~~~~~~~~~~~~~~~~~~~~~~~~\nsrc\\flask\\wrappers.py:119: error: Unused \"type: ignore\" comment \n[unused-ignore]\n        @property  # type: ignore[override]\n        ^~~~~~~~~~~~~~~~~~~~~~~~~~~~~~~~~~\nsrc\\flask\\wrappers.py:138: error: Returning Any from function declared to\nreturn \"int | None\"  [no-any-return]\n                return super().max_form_parts\n                ^~~~~~~~~~~~~~~~~~~~~~~~~~~~~\nsrc\\flask\\wrappers.py:222: error: Class cannot subclass \"ResponseBase\" (has\ntype \"Any\")  [misc]\n    class Response(ResponseBase):\n                   ^~~~~~~~~~~~\nsrc\\flask\\wrappers.py:247: error: Unused \"type: ignore\" comment \n[unused-ignore]\n        def max_cookie_size(self) -> int:  # type: ignore\n        ^~~~~~~~~~~~~~~~~~~~~~~~~~~~~~~~~~~~~~~~~~~~~~~~\nsrc\\flask\\wrappers.py:257: error: Returning Any from function declared to\nreturn \"int\"  [no-any-return]\n            return super().max_cookie_size\n            ^~~~~~~~~~~~~~~~~~~~~~~~~~~~~~\nsrc\\flask\\ctx.py:8: error: Cannot find implementation or library stub for\nmodule named \"werkzeug.exceptions\"  [import-not-found]\n    from werkzeug.exceptions import HTTPException\n    ^\nsrc\\flask\\ctx.py:9: error: Cannot find implementation or library stub for\nmodule named \"werkzeug.routing\"  [import-not-found]\n    from werkzeug.routing import MapAdapter\n    ^\nsrc\\flask\\cli.py:19: error: Cannot find implementation or library stub for\nmodule named \"werkzeug\"  [import-not-found]\n    from werkzeug import run_simple\n    ^\nsrc\\flask\\cli.py:20: error: Cannot find implementation or library stub for\nmodule named \"werkzeug.serving\"  [import-not-found]\n    from werkzeug.serving import is_running_from_reloader\n    ^\nsrc\\flask\\cli.py:21: error: Cannot find implementation or library stub for\nmodule named \"werkzeug.utils\"  [import-not-found]\n    from werkzeug.utils import import_string\n    ^\nsrc\\flask\\cli.py:1041: error: Module has no attribute \"set_completer\" \n[attr-defined]\n                readline.set_completer(Completer(ctx).complete)\n                ^~~~~~~~~~~~~~~~~~~~~~\nsrc\\flask\\testing.py:11: error: Cannot find implementation or library stub for\nmodule named \"werkzeug.test\"  [import-not-found]\n    import werkzeug.test\n    ^\nsrc\\flask\\testing.py:11: error: Cannot find implementation or library stub for\nmodule named \"werkzeug\"  [import-not-found]\n    import werkzeug.test\n    ^\nsrc\\flask\\testing.py:15: error: Cannot find implementation or library stub for\nmodule named \"werkzeug.wrappers\"  [import-not-found]\n    from werkzeug.wrappers import Request as BaseRequest\n    ^\nsrc\\flask\\testing.py:27: error: Class cannot subclass \"EnvironBuilder\" (has\ntype \"Any\")  [misc]\n    class EnvironBuilder(werkzeug.test.EnvironBuilder):\n                         ^~~~~~~~~~~~~~~~~~~~~~~~~~~~\nsrc\\flask\\testing.py:109: error: Class cannot subclass \"Client\" (has type\n\"Any\")  [misc]\n    class FlaskClient(Client):\n                      ^~~~~~\nsrc\\flask\\testing.py:216: error: Unused \"type: ignore\" comment  [unused-ignore]\n                    builder.environ_base = self._copy_environ(builder.envi...\n                    ^~~~~~~~~~~~~~~~~~~~~~~~~~~~~~~~~~~~~~~~~~~~~~~~~~~~~~...\nsrc\\flask\\testing.py:240: error: Unused \"type: ignore\" comment  [unused-ignore]\n            response.json_module = self.application.json  # type: ignore[a...\n            ^~~~~~~~~~~~~~~~~~~~~~~~~~~~~~~~~~~~~~~~~~~~~~~~~~~~~~~~~~~~~~...\nsrc\\flask\\sansio\\scaffold.py:13: error: Cannot find implementation or library\nstub for module named \"werkzeug.exceptions\"  [import-not-found]\n    from werkzeug.exceptions import default_exceptions\n    ^\nsrc\\flask\\sansio\\scaffold.py:15: error: Cannot find implementation or library\nstub for module named \"werkzeug.utils\"  [import-not-found]\n    from werkzeug.utils import cached_property\n    ^\nsrc\\flask\\sansio\\scaffold.py:271: error: Untyped decorator makes function\n\"jinja_loader\" untyped  [untyped-decorator]\n        @cached_property\n         ^~~~~~~~~~~~~~~\nsrc\\flask\\sansio\\scaffold.py:696: error: \"type[Exception]\" has no attribute\n\"code\"  [attr-defined]\n                return exc_class, exc_class.code\n                                  ^~~~~~~~~~~~~~\nsrc\\flask\\sansio\\app.py:10: error: Cannot find implementation or library stub\nfor module named \"werkzeug.exceptions\"  [import-not-found]\n    from werkzeug.exceptions import Aborter\n    ^\nsrc\\flask\\sansio\\app.py:13: error: Cannot find implementation or library stub\nfor module named \"werkzeug.routing\"  [import-not-found]\n    from werkzeug.routing import BuildError\n    ^\nsrc\\flask\\sansio\\app.py:16: error: Cannot find implementation or library stub\nfor module named \"werkzeug.sansio.response\"  [import-not-found]\n    from werkzeug.sansio.response import Response\n    ^\nsrc\\flask\\sansio\\app.py:17: error: Cannot find implementation or library stub\nfor module named \"werkzeug.utils\"  [import-not-found]\n    from werkzeug.utils import cached_property\n    ^\nsrc\\flask\\sansio\\app.py:37: error: Cannot find implementation or library stub\nfor module named \"werkzeug.wrappers\"  [import-not-found]\n        from werkzeug.wrappers import Response as BaseResponse\n    ^\nsrc\\flask\\sansio\\app.py:422: error: Untyped decorator makes function \"name\"\nuntyped  [untyped-decorator]\n        @cached_property\n         ^~~~~~~~~~~~~~~\nsrc\\flask\\sansio\\app.py:439: error: Untyped decorator makes function \"logger\"\nuntyped  [untyped-decorator]\n        @cached_property\n         ^~~~~~~~~~~~~~~\nsrc\\flask\\sansio\\app.py:466: error: Untyped decorator makes function\n\"jinja_env\" untyped  [untyped-decorator]\n        @cached_property\n         ^~~~~~~~~~~~~~~\nsrc\\flask\\sansio\\app.py:648: error: Unused \"type: ignore\" comment \n[unused-ignore]\n            rule_obj.provide_automatic_options = provide_automatic_options...\n            ^~~~~~~~~~~~~~~~~~~~~~~~~~~~~~~~~~~~~~~~~~~~~~~~~~~~~~~~~~~~~~...\nsrc\\flask\\sansio\\app.py:950: error: Unused \"type: ignore\" comment \n[unused-ignore]\n                Response=self.response_class,  # type: ignore[arg-type]\n                ^~~~~~~~~~~~~~~~~~~~~~~~~~~~~~~~~~~~~~~~~~~~~~~~~~~~~~\nsrc\\flask\\app.py:17: error: Cannot find implementation or library stub for\nmodule named \"werkzeug.datastructures\"  [import-not-found]\n    from werkzeug.datastructures import Headers\n    ^\nsrc\\flask\\app.py:19: error: Cannot find implementation or library stub for\nmodule named \"werkzeug.exceptions\"  [import-not-found]\n    from werkzeug.exceptions import BadRequestKeyError\n    ^\nsrc\\flask\\app.py:22: error: Cannot find implementation or library stub for\nmodule named \"werkzeug.routing\"  [import-not-found]\n    from werkzeug.routing import BuildError\n    ^\nsrc\\flask\\app.py:27: error: Cannot find implementation or library stub for\nmodule named \"werkzeug.serving\"  [import-not-found]\n    from werkzeug.serving import is_running_from_reloader\n    ^\nsrc\\flask\\app.py:28: error: Cannot find implementation or library stub for\nmodule named \"werkzeug.wrappers\"  [import-not-found]\n    from werkzeug.wrappers import Response as BaseResponse\n    ^\nsrc\\flask\\app.py:29: error: Cannot find implementation or library stub for\nmodule named \"werkzeug.wsgi\"  [import-not-found]\n    from werkzeug.wsgi import get_host\n    ^\nsrc\\flask\\app.py:862: error: Unused \"type: ignore\" comment  [unused-ignore]\n            return self.ensure_sync(handler)(e)  # type: ignore[no-any-ret...\n            ^~~~~~~~~~~~~~~~~~~~~~~~~~~~~~~~~~~~~~~~~~~~~~~~~~~~~~~~~~~~~~~~~\nsrc\\flask\\app.py:894: error: Unused \"type: ignore\" comment  [unused-ignore]\n            return self.ensure_sync(handler)(e)  # type: ignore[no-any-ret...\n            ^~~~~~~~~~~~~~~~~~~~~~~~~~~~~~~~~~~~~~~~~~~~~~~~~~~~~~~~~~~~~~~~~\nsrc\\flask\\app.py:979: error: Unused \"type: ignore\" comment  [unused-ignore]\n            rule: Rule = req.url_rule  # type: ignore[assignment]\n            ^~~~~~~~~~~~~~~~~~~~~~~~~~~~~~~~~~~~~~~~~~~~~~~~~~~~\nsrc\\flask\\app.py:989: error: Unused \"type: ignore\" comment  [unused-ignore]\n            return self.ensure_sync(self.view_functions[rule.endpoint])(**...\n            ^~~~~~~~~~~~~~~~~~~~~~~~~~~~~~~~~~~~~~~~~~~~~~~~~~~~~~~~~~~~~~...\nsrc\\flask\\app.py:1088: error: Returning Any from function declared to return\n\"Callable[..., Any]\"  [no-any-return]\n            return asgiref_async_to_sync(func)\n            ^~~~~~~~~~~~~~~~~~~~~~~~~~~~~~~~~~\nsrc\\flask\\app.py:1210: error: Returning Any from function declared to return\n\"str\"  [no-any-return]\n            return rv\n            ^~~~~~~~~\nsrc\\flask\\app.py:1278: error: Unused \"type: ignore\" comment  [unused-ignore]\n                    rv, status, headers = rv  # type: ignore[misc]\n                    ^~~~~~~~~~~~~~~~~~~~~~~~~~~~~~~~~~~~~~~~~~~~~\nsrc\\flask\\app.py:1284: error: Unused \"type: ignore[assignment, misc]\" comment \n[unused-ignore]\n                        rv, status = rv  # type: ignore[assignment,misc]\n                        ^~~~~~~~~~~~~~~~~~~~~~~~~~~~~~~~~~~~~~~~~~~~~~~\nsrc\\flask\\app.py:1310: error: Unused \"type: ignore\" comment  [unused-ignore]\n                        headers=headers,  # type: ignore[arg-type]\n                        ^~~~~~~~~~~~~~~~~~~~~~~~~~~~~~~~~~~~~~~~~\nsrc\\flask\\app.py:1320: error: Unused \"type: ignore\" comment  [unused-ignore]\n                            rv,  # type: ignore[arg-type]\n                            ^~~~~~~~~~~~~~~~~~~~~~~~~~~~\nsrc\\flask\\app.py:1378: error: Unused \"type: ignore\" comment  [unused-ignore]\n                            return rv  # type: ignore[no-any-return]\n                            ^~~~~~~~~~~~~~~~~~~~~~~~~~~~~~~~~~~~~~~\nsrc\\flask\\app.py:1574: error: Returning Any from function declared to return\n\"Iterable[bytes]\"  [no-any-return]\n                return response(environ, start_response)\n                ^~~~~~~~~~~~~~~~~~~~~~~~~~~~~~~~~~~~~~~~\nsrc\\flask\\debughelpers.py:6: error: Cannot find implementation or library stub\nfor module named \"werkzeug.routing\"  [import-not-found]\n    from werkzeug.routing import RequestRedirect\n    ^\nsrc\\flask\\views.py:110: error: Unused \"type: ignore\" comment  [unused-ignore]\n                    return current_app.ensure_sync(self.dispatch_request)(...\n                    ^~~~~~~~~~~~~~~~~~~~~~~~~~~~~~~~~~~~~~~~~~~~~~~~~~~~~~...\nsrc\\flask\\views.py:116: error: Unused \"type: ignore\" comment  [unused-ignore]\n                    return current_app.ensure_sync(self.dispatch_request)(...\n                    ^~~~~~~~~~~~~~~~~~~~~~~~~~~~~~~~~~~~~~~~~~~~~~~~~~~~~~...\nsrc\\flask\\views.py:191: error: Unused \"type: ignore\" comment  [unused-ignore]\n            return current_app.ensure_sync(meth)(**kwargs)  # type: ignore...\n            ^~~~~~~~~~~~~~~~~~~~~~~~~~~~~~~~~~~~~~~~~~~~~~~~~~~~~~~~~~~~~~...\nexamples\\tutorial\\flaskr\\db.py:9: error: Function is missing a return type\nannotation  [no-untyped-def]\n    def get_db():\n    ^~~~~~~~~~~~~\nexamples\\tutorial\\flaskr\\db.py:23: error: Function is missing a type annotation\n [no-untyped-def]\n    def close_db(e=None):\n    ^~~~~~~~~~~~~~~~~~~~~\nexamples\\tutorial\\flaskr\\db.py:33: error: Function is missing a return type\nannotation  [no-untyped-def]\n    def init_db():\n    ^~~~~~~~~~~~~~\nexamples\\tutorial\\flaskr\\db.py:33: note: Use \"-> None\" if function does not return a value\nexamples\\tutorial\\flaskr\\db.py:35: error: Call to untyped function \"get_db\" in\ntyped context  [no-untyped-call]\n        db = get_db()\n             ^~~~~~~~\nexamples\\tutorial\\flaskr\\db.py:38: error: \"str\" has no attribute \"decode\";\nmaybe \"encode\"?  [attr-defined]\n            db.executescript(f.read().decode(\"utf8\"))\n                             ^~~~~~~~~~~~~~~\nexamples\\tutorial\\flaskr\\db.py:42: error: Function is missing a return type\nannotation  [no-untyped-def]\n    def init_db_command():\n    ^~~~~~~~~~~~~~~~~~~~~~\nexamples\\tutorial\\flaskr\\db.py:42: note: Use \"-> None\" if function does not return a value\nexamples\\tutorial\\flaskr\\db.py:44: error: Call to untyped function \"init_db\" in\ntyped context  [no-untyped-call]\n        init_db()\n        ^~~~~~~~~\nexamples\\tutorial\\flaskr\\db.py:51: error: Function is missing a type annotation\n [no-untyped-def]\n    def init_app(app):\n    ^~~~~~~~~~~~~~~~~~\nexamples\\javascript\\js_example\\views.py:10: error: Function is missing a type\nannotation  [no-untyped-def]\n    def index(js):\n    ^~~~~~~~~~~~~~\nexamples\\javascript\\js_example\\views.py:15: error: Function is missing a return\ntype annotation  [no-untyped-def]\n    def add():\n    ^~~~~~~~~~\nexamples\\celery\\src\\task_app\\views.py:1: error: Cannot find implementation or\nlibrary stub for module named \"celery.result\"  [import-not-found]\n    from celery.result import AsyncResult\n    ^\nexamples\\celery\\src\\task_app\\__init__.py:1: error: Cannot find implementation\nor library stub for module named \"celery\"  [import-not-found]\n    from celery import Celery\n    ^\nexamples\\celery\\src\\task_app\\__init__.py:30: error: Class cannot subclass\n\"Task\" (has type \"Any\")  [misc]\n        class FlaskTask(Task):\n                        ^~~~\nexamples\\tutorial\\flaskr\\auth.py:11: error: Cannot find implementation or\nlibrary stub for module named \"werkzeug.security\"  [import-not-found]\n    from werkzeug.security import check_password_hash\n    ^\nexamples\\tutorial\\flaskr\\auth.py:19: error: Function is missing a type\nannotation  [no-untyped-def]\n    def login_required(view):\n    ^~~~~~~~~~~~~~~~~~~~~~~~~\nexamples\\tutorial\\flaskr\\auth.py:23: error: Function is missing a type\nannotation  [no-untyped-def]\n        def wrapped_view(**kwargs):\n        ^~~~~~~~~~~~~~~~~~~~~~~~~~~\nexamples\\tutorial\\flaskr\\auth.py:33: error: Function is missing a return type\nannotation  [no-untyped-def]\n    def load_logged_in_user():\n    ^~~~~~~~~~~~~~~~~~~~~~~~~~\nexamples\\tutorial\\flaskr\\auth.py:33: note: Use \"-> None\" if function does not return a value\nexamples\\tutorial\\flaskr\\auth.py:42: error: Call to untyped function \"get_db\"\nin typed context  [no-untyped-call]\n                get_db().execute(\"SELECT * FROM user WHERE id = ?\", (user_...\n                ^~~~~~~~\nexamples\\tutorial\\flaskr\\auth.py:47: error: Function is missing a return type\nannotation  [no-untyped-def]\n    def register():\n    ^~~~~~~~~~~~~~~\nexamples\\tutorial\\flaskr\\auth.py:56: error: Call to untyped function \"get_db\"\nin typed context  [no-untyped-call]\n            db = get_db()\n                 ^~~~~~~~\nexamples\\tutorial\\flaskr\\auth.py:85: error: Function is missing a return type\nannotation  [no-untyped-def]\n    def login():\n    ^~~~~~~~~~~~\nexamples\\tutorial\\flaskr\\auth.py:90: error: Call to untyped function \"get_db\"\nin typed context  [no-untyped-call]\n            db = get_db()\n                 ^~~~~~~~\nexamples\\tutorial\\flaskr\\auth.py:113: error: Function is missing a return type\nannotation  [no-untyped-def]\n    def logout():\n    ^~~~~~~~~~~~~\nexamples\\tutorial\\flaskr\\blog.py:8: error: Cannot find implementation or\nlibrary stub for module named \"werkzeug.exceptions\"  [import-not-found]\n    from werkzeug.exceptions import abort\n    ^\nexamples\\tutorial\\flaskr\\blog.py:17: error: Function is missing a return type\nannotation  [no-untyped-def]\n    def index():\n    ^~~~~~~~~~~~\nexamples\\tutorial\\flaskr\\blog.py:19: error: Call to untyped function \"get_db\"\nin typed context  [no-untyped-call]\n        db = get_db()\n             ^~~~~~~~\nexamples\\tutorial\\flaskr\\blog.py:28: error: Function is missing a type\nannotation  [no-untyped-def]\n    def get_post(id, check_author=True):\n    ^~~~~~~~~~~~~~~~~~~~~~~~~~~~~~~~~~~~\nexamples\\tutorial\\flaskr\\blog.py:41: error: Call to untyped function \"get_db\"\nin typed context  [no-untyped-call]\n            get_db()\n            ^~~~~~~~\nexamples\\tutorial\\flaskr\\blog.py:62: error: Function is missing a return type\nannotation  [no-untyped-def]\n    def create():\n    ^~~~~~~~~~~~~\nexamples\\tutorial\\flaskr\\blog.py:75: error: Call to untyped function \"get_db\"\nin typed context  [no-untyped-call]\n                db = get_db()\n                     ^~~~~~~~\nexamples\\tutorial\\flaskr\\blog.py:88: error: Function is missing a type\nannotation  [no-untyped-def]\n    def update(id):\n    ^~~~~~~~~~~~~~~\nexamples\\tutorial\\flaskr\\blog.py:90: error: Call to untyped function \"get_post\"\nin typed context  [no-untyped-call]\n        post = get_post(id)\n               ^~~~~~~~~~~~\nexamples\\tutorial\\flaskr\\blog.py:103: error: Call to untyped function \"get_db\"\nin typed context  [no-untyped-call]\n                db = get_db()\n                     ^~~~~~~~\nexamples\\tutorial\\flaskr\\blog.py:115: error: Function is missing a type\nannotation  [no-untyped-def]\n    def delete(id):\n    ^~~~~~~~~~~~~~~\nexamples\\tutorial\\flaskr\\blog.py:121: error: Call to untyped function\n\"get_post\" in typed context  [no-untyped-call]\n        get_post(id)\n        ^~~~~~~~~~~~\nexamples\\tutorial\\flaskr\\blog.py:122: error: Call to untyped function \"get_db\"\nin typed context  [no-untyped-call]\n        db = get_db()\n             ^~~~~~~~\nexamples\\tutorial\\flaskr\\__init__.py:6: error: Function is missing a type\nannotation  [no-untyped-def]\n    def create_app(test_config=None):\n    ^~~~~~~~~~~~~~~~~~~~~~~~~~~~~~~~~\nexamples\\tutorial\\flaskr\\__init__.py:30: error: Function is missing a return\ntype annotation  [no-untyped-def]\n        def hello():\n        ^~~~~~~~~~~~\nexamples\\tutorial\\flaskr\\__init__.py:36: error: Call to untyped function\n\"init_app\" in typed context  [no-untyped-call]\n        db.init_app(app)\n        ^~~~~~~~~~~~~~~~\n",
      "stderr": ""
    }
  },
  "stats": {
    "total_findings": 22
  }
}